<?xml version="1.0" encoding="UTF-8"?>
<!-- Generated by org.testng.reporters.JUnitReportReporter -->
<testsuite skipped="0" hostname="DESKTOP-1906I2D" name="cts.miniproject.test.DdExcelWordpressLogin" tests="3" failures="0" timestamp="2020-03-30T10:18:31 IST" time="61.370" errors="0">
  <testcase name="loginToWordpress" time="21.296" classname="cts.miniproject.test.DdExcelWordpressLogin"/>
  <system-out/>
  <testcase name="loginToWordpress" time="16.650" classname="cts.miniproject.test.DdExcelWordpressLogin"/>
  <system-out/>
  <testcase name="loginToWordpress" time="23.424" classname="cts.miniproject.test.DdExcelWordpressLogin"/>
  <system-out/>
</testsuite> <!-- cts.miniproject.test.DdExcelWordpressLogin -->
